<?xml version="1.0" encoding="UTF-8"?><testsuite failures="0" name="cucumber.runtime.formatter.JUnitFormatter" skipped="0" tests="3" time="64.064547">
<testcase classname="Reset functionality on login page of Application" name="Verification of reset button with numbers of credential" time="22.425065">
<system-out><![CDATA[Given Open the chrome and launch the application............................passed
When Enter the Username User1 and Password password1........................passed
Then Reset the credential...................................................passed
]]></system-out>
</testcase>
<testcase classname="Reset functionality on login page of Application" name="Verification of reset button with numbers of credential 2" time="22.689548">
<system-out><![CDATA[Given Open the chrome and launch the application............................passed
When Enter the Username User2 and Password password2........................passed
Then Reset the credential...................................................passed
]]></system-out>
</testcase>
<testcase classname="Reset functionality on login page of Application" name="Verification of reset button with numbers of credential 3" time="18.949934">
<system-out><![CDATA[Given Open the chrome and launch the application............................passed
When Enter the Username User3 and Password password3........................passed
Then Reset the credential...................................................passed
]]></system-out>
</testcase>
</testsuite>
